
M68HC11 Absolute Assembler   Version 2.70e:/mio.ASC


   1 A                 ********************************** 
   2 A                 *PROGRAMA DE EJEMPLO 
   3 A                 ********************************** 
   4 A      1026       PACTL     EQU       $1026                 
   5 A      1027       PACNT     EQU       $1027                 
   6 A      1030       ADCTL     EQU       $1030                 
   7 A      1031       ADR1      EQU       $1031                 
   8 A      1032       ADR2      EQU       $1032                 
   9 A      1033       ADR3      EQU       $1033                 
  10 A      1034       ADR4      EQU       $1034                 
  11 A      1039       OPTION    EQU       $1039                 
  12 A 0000                                                      
  13 A      1000       PORTA     EQU       $1000                 
  14 A      1008       PORTD     EQU       $1008                 
  15 A      100A       PORTE     EQU       $100A                 
  16 A      1002       PORTG     EQU       $1002                 
  17 A 0000                                                      
  18 A      1001       DDRA      EQU       $1001                 
  19 A      1009       DDRD      EQU       $1009                 
  20 A      1003       DDRG      EQU       $1003                 
  21 A 0000                                                      
  22 A      1024       TMSK2     EQU       $1024                 
  23 A      1025       TFLG2     EQU       $1025                 
  24 A 0000                                                      
  25 A      102F       SCDR      EQU       $102F                 
  26 A      102D       SCCR2     EQU       $102D                 
  27 A      102E       SCSR      EQU       $102E                 
  28 A      102C       SCCR1     EQU       $102C                 
  29 A      102B       BAUD      EQU       $102B                 
  30 A      103C       HPRIO     EQU       $103C                 
  31 A      1028       SPCR      EQU       $1028                 
  32 A      105D       CSCTL     EQU       $105D                 
  33 A      1038       OPT2      EQU       $1038                 
  34 A      0020       EJECUTA   EQU       $0020                 
  35 A 0000                                                      
  36 A 0000                                                      
  37 A                 * VARIABLES ********************* 
  38 A                  
  39 A      000C       ORDEN     EQU       $000C                 
  40 A      000D       SEG       EQU       $000D                 
  41 A      000E       U1        EQU       $000E                 
  42 A      000F       U2        EQU       $000F                 
  43 A      0010       U3        EQU       $0010                 
  44 A      0011       U4        EQU       $0011                 
  45 A      0012       U5        EQU       $0012                 
  46 A      0013       V1        EQU       $0013                 
  47 A      0014       V2        EQU       $0014                 
  48 A      0015       BAS_H     EQU       $0015                 
  49 A      0016       BAS_L     EQU       $0016                 
  50 A      0017       V5        EQU       $0017                 
  51 A      0018       TEMPO     EQU       $0018                 
  52 A      0019       ALTO      EQU       $0019                 
  53 A      001A       BAJO      EQU       $001A                 
  54 A      001B       BASE_H    EQU       $001B                 
  55 A      001C       BASE_L    EQU       $001C                 
  56 A      001D       V3        EQU       $001D                 
  57 A      001E       V4        EQU       $001E                 
  58 A      001F       EXTRA     EQU       $001F                 

M68HC11 Absolute Assembler   Version 2.70e:/mio.ASC


  59 A 0000                                                      
  60 A                 ********************************** 
  61 A                 *CONFIGURA REGISTROS 
  62 A                 ********************************** 
  63 A      8000                 ORG       $8000                 * DIR DE INICIO 
  64 A 8000 8E00FF               LDS       #$00FF                * APUNTADOR DE STAK 
  65 A                  
  66 A 8003                                                      
  67 A 8003 8600                 LDAA      #$00                  * CONFIG TODO EL PUERTO  A COMO ENTRADAS 
  68 A 8005 B71001               STAA      DDRA                  * EL PUERTO A 
  69 A 8008                                                      
  70 A 8008 86FF                 LDAA      #$FF                  * CONFIG TODO EL PUERTO  G COMO SALIDAS 
  71 A 800A B71003               STAA      DDRG                  * EL PUERTO G  
  72 A                  
  73 A 800D 8600                 LDAA      #$00                  * SE PONE PUERTO G EN CEROS 
  74 A 800F B71002               STAA      PORTG                 
  75 A 8012                                                      
  76 A 8012 CC302C               LDD       #$302C                * CONFIGURA PUERTO SERIAL 
  77 A 8015 B7102B               STAA      BAUD                  * BAUD  9600  para cristal de 8MHz 
  78 A 8018 F7102D               STAB      SCCR2                 * HABILITA  RX Y TX PERO INTERRUPCN SOLO RX 
  79 A 801B 8600                 LDAA      #$00                  
  80 A 801D B7102C               STAA      SCCR1                 * 8 BITS 
  81 A                  
  82 A 8020 86FE                 LDAA      #$FE                  * CONFIG PUERTO D COMO SALIDAS (EXCEPTO PD0) 
  83 A 8022 B71009               STAA      DDRD                  * SEA  ENABLE DEL DISPLAY  PD4  Y RS PD3 
  84 A                                       
  85 A                        
  86 A 8025 8604                 LDAA      #$04                  
  87 A 8027 B7103C               STAA      HPRIO                 
  88 A                  
  89 A 802A 8600                 LDAA      #$00                  
  90 A 802C 06                   TAP                             
  91 A                  
  92 A                  
  93 A                  
  94 A 802D                                                      
  95 A                  
  96 A                  
  97 A                  
  98 A                 ********************************** 
  99 A                 *PROGRAMA PRINCIPAL 
 100 A                 ********************************** 
 101 A 802D            MAIN                                      
 102 A 802D                                                      
 103 A 802D            INICIO                                    
 104 A 802D BD80CF               JSR       INICIA                
 105 A 8030 7F000E               CLR       U1                    
 106 A 8033 7F000F               CLR       U2                    
 107 A 8036 7F0010               CLR       U3                    
 108 A 8039 7F0011               CLR       U4                    
 109 A                  
 110 A 803C            ENCICLATE                                 
 111 A 803C 863F                 LDAA      #$3F                  
 112 A 803E 970C                 STAA      ORDEN                 
 113 A 8040                                                      
 114 A 8040            CICLO                                     
 115 A 8040 960C                 LDAA      ORDEN                 
 116 A 8042 813F                 CMPA      #$3F                  

M68HC11 Absolute Assembler   Version 2.70e:/mio.ASC


 117 A 8044 27FA                 BEQ       CICLO                 
 118 A 8046 D60E                 LDAB      U1                    
 119 A 8048 260B                 BNE       CHECA_U2              
 120 A 804A            COMPARA                                   
 121 A 804A 8153                 CMPA      #'S                   
 122 A 804C 26EE                 BNE       ENCICLATE             
 123 A 804E 8653                 LDAA      #'S                   
 124 A 8050 970E                 STAA      U1                    
 125 A 8052 7E803C               JMP       ENCICLATE             
 126 A 8055            CHECA_U2                                  
 127 A 8055 D60F                 LDAB      U2                    
 128 A 8057 2611                 BNE       CHECA_U3              
 129 A 8059 8154                 CMPA      #'T                   
 130 A 805B 2607                 BNE       NO_ES_T               
 131 A 805D 8654                 LDAA      #'T                   
 132 A 805F 970F                 STAA      U2                    
 133 A 8061 7E803C               JMP       ENCICLATE             
 134 A 8064            NO_ES_T                                   
 135 A 8064 7F000E               CLR       U1                    
 136 A 8067 7E804A               JMP       COMPARA               
 137 A 806A                                                      
 138 A 806A            CHECA_U3                                  
 139 A 806A D610                 LDAB      U3                    
 140 A 806C 2611                 BNE       CHECA_U4              
 141 A 806E 8141                 CMPA      #'A                   
 142 A 8070 2607                 BNE       NO_ES_A               
 143 A 8072 8641                 LDAA      #'A                   
 144 A 8074 9710                 STAA      U3                    
 145 A 8076 7E803C               JMP       ENCICLATE             
 146 A 8079            NO_ES_A                                   
 147 A 8079 7F000F               CLR       U2                    
 148 A 807C 7E8064               JMP       NO_ES_T               
 149 A 807F            CHECA_U4                                  
 150 A 807F                                                      
 151 A 807F D611                 LDAB      U4                    
 152 A 8081 2611                 BNE       SALTE                 
 153 A 8083 8152                 CMPA      #'R                   
 154 A 8085 2607                 BNE       NO_ES_R               
 155 A 8087 8652                 LDAA      #'R                   
 156 A 8089 9711                 STAA      U4                    
 157 A 808B 7E803C               JMP       ENCICLATE             
 158 A 808E            NO_ES_R                                   
 159 A 808E 7F0010               CLR       U3                    
 160 A 8091 7E8079               JMP       NO_ES_A               
 161 A 8094            SALTE                                     
 162 A 8094 8154                 CMPA      #'T                   
 163 A 8096 2603                 BNE       NO_FUE_T              
 164 A 8098 7E80A1               JMP       SUBRUTINA             
 165 A 809B                                                      
 166 A 809B            NO_FUE_T                                  
 167 A 809B 7F0011               CLR       U4                    
 168 A 809E 7E808E               JMP       NO_ES_R               
 169 A 80A1            SUBRUTINA                                 
 170 A 80A1                                                      
 171 A                  
 172 A 80A1 7F000E               CLR       U1                    
 173 A 80A4 7F001F               CLR       EXTRA                 
 174 A 80A7 CE0020               LDX       #EJECUTA              

M68HC11 Absolute Assembler   Version 2.70e:/mio.ASC


 175 A 80AA            LOOP                                      
 176 A 80AA 961F                 LDAA      EXTRA                 
 177 A 80AC 27FC                 BEQ       LOOP                  
 178 A 80AE                                                      
 179 A 80AE 7F001F               CLR       EXTRA                 
 180 A 80B1 960C                 LDAA      ORDEN                 
 181 A 80B3 8145                 CMPA      #'E                   
 182 A 80B5 2709                 BEQ       FUE_E                 
 183 A 80B7 7F000E               CLR       U1                    
 184 A 80BA            GUARDA                                    
 185 A 80BA A700                 STAA      $00,X                 
 186 A 80BC 08                   INX                             
 187 A 80BD 7E80AA               JMP       LOOP                  
 188 A 80C0            FUE_E                                     
 189 A 80C0 7C000E               INC       U1                    
 190 A 80C3 D60E                 LDAB      U1                    
 191 A 80C5 C104                 CMPB      #$04                  
 192 A 80C7 2703                 BEQ       EJECUTALO             
 193 A 80C9 7E80BA               JMP       GUARDA                
 194 A 80CC                                                      
 195 A 80CC            EJECUTALO                                 
 196 A 80CC 7E0020               JMP       EJECUTA               
 197 A                  
 198 A                  
 199 A                  
 200 A                  
 201 A 80CF                                                      
 202 A                  
 203 A                  
 204 A                 *********************************** 
 205 A                 * INICIA 
 206 A                 *********************************** 
 207 A 80CF            INICIA                                    
 208 A                       
 209 A 80CF 7F000D               CLR       SEG                   
 210 A                  
 211 A 80D2 7F1002               CLR       PORTG                 
 212 A 80D5 86F4                 LDAA      #$F4                  
 213 A 80D7 9718                 STAA      TEMPO                 * TEMPO ES VARIABLE PARA CONTAR 244 CICLOS 
 214 A                  
 215 A 80D9 CE1024               LDX       #TMSK2                
 216 A 80DC 1C0040               BSET      $00,X,#$40            * HABILITA INTERRUPCION TIMER T-REAL 
 217 A 80DF 0E                   CLI                             
 218 A                  
 219 A 80E0 CE1026               LDX       #PACTL                
 220 A 80E3 1C0050               BSET      $00,X,#$50            * HABILITA PAEN -ACUMULADOR PULSOS ALTOS- 
 221 A 80E6 7F1027               CLR       PACNT                 * BORRA ACUMULADOR DE PULSOS 
 222 A                  
 223 A 80E9 8610                 LDAA      #$10                  
 224 A 80EB 971B                 STAA      BASE_H                * PONE UN #1060 COMO DIRECCION BASE INICIAL 
 225 A 80ED 8660                 LDAA      #$60                  
 226 A 80EF 971C                 STAA      BASE_L                
 227 A 80F1                                                      
 228 A 80F1 18CE1060             LDY       #$1060                
 229 A 80F5                                                      
 230 A 80F5 8616                 LDAA      #$16                  
 231 A 80F7 9715                 STAA      BAS_H                 * PONE UN #1653 NUMERO TOTAL DE JUEGO DE MUESTRAS 
 232 A 80F9 8653                 LDAA      #$53                  

M68HC11 Absolute Assembler   Version 2.70e:/mio.ASC


 233 A 80FB 9716                 STAA      BAS_L                 
 234 A                  
 235 A                  
 236 A 80FD 7F0019               CLR       ALTO                  * INICIA INDICE MUESTRA EN 0 
 237 A 8100 7F001A               CLR       BAJO                  
 238 A                  
 239 A 8103 39                   RTS                             
 240 A                 *********************************** 
 241 A                 * SACA 
 242 A                 *********************************** 
 243 A 8104            SACA                                      
 244 A                              
 245 A                         
 246 A 8104 9619                 LDAA      ALTO                  * INDICE DE MUESTRA (SEGUNDO) 
 247 A 8106 D61A                 LDAB      BAJO                  
 248 A 8108 188F                 XGDY                            
 249 A 810A 1808                 INY                             
 250 A 810C 188F                 XGDY                            
 251 A 810E BD824A               JSR       BINBCD                
 252 A 8111 BD817F               JSR       DISPLAY               
 253 A 8114 BD816F               JSR       COMA                  
 254 A                   
 255 A 8117 961B                 LDAA      BASE_H                * INDICE DE MUESTRA (PARTICULAR) 
 256 A 8119 D61C                 LDAB      BASE_L                
 257 A 811B 188F                 XGDY                            
 258 A 811D                                                      
 259 A 811D 1808                 INY                             
 260 A 811F 4F                   CLRA                            
 261 A 8120 18E600               LDAB      $00,Y                 
 262 A 8123 BD825A               JSR       BNBCD                 
 263 A 8126 BD819E               JSR       DSPLY                 
 264 A 8129 BD816F               JSR       COMA                  
 265 A                  
 266 A 812C 1808                 INY                             
 267 A 812E 4F                   CLRA                            
 268 A 812F 18E600               LDAB      $00,Y                 
 269 A 8132 BD825A               JSR       BNBCD                 
 270 A 8135 BD819E               JSR       DSPLY                 
 271 A 8138 BD816F               JSR       COMA                  
 272 A                  
 273 A 813B 1808                 INY                             
 274 A 813D 4F                   CLRA                            
 275 A 813E 18E600               LDAB      $00,Y                 
 276 A 8141 BD825A               JSR       BNBCD                 
 277 A 8144 BD819E               JSR       DSPLY                 
 278 A 8147 BD816F               JSR       COMA                  
 279 A                  
 280 A 814A 1808                 INY                             
 281 A 814C 4F                   CLRA                            
 282 A 814D 18E600               LDAB      $00,Y                 
 283 A 8150 BD825A               JSR       BNBCD                 
 284 A 8153 BD819E               JSR       DSPLY                 
 285 A 8156 BD816F               JSR       COMA                  
 286 A                   
 287 A 8159 1808                 INY                             
 288 A 815B 4F                   CLRA                            
 289 A 815C 18E600               LDAB      $00,Y                 
 290 A 815F BD825A               JSR       BNBCD                 

M68HC11 Absolute Assembler   Version 2.70e:/mio.ASC


 291 A 8162 BD819E               JSR       DSPLY                 
 292 A 8165                                                      
 293 A 8165 188F                 XGDY                            
 294 A 8167 971B                 STAA      BASE_H                
 295 A 8169 D71C                 STAB      BASE_L                
 296 A                  
 297 A 816B BD81CC               JSR       CRYTRN                
 298 A                  
 299 A 816E 39                   RTS                             
 300 A                 *********************************** 
 301 A                 * COMA 
 302 A                 *********************************** 
 303 A 816F            COMA                                      
 304 A 816F CE102E               LDX       #SCSR                 
 305 A 8172                                                      
 306 A 8172 B6102E               LDAA      SCSR                  
 307 A 8175 862C                 LDAA      #$2C                  * COMA 
 308 A 8177 B7102F               STAA      SCDR                  
 309 A 817A            C1                                        
 310 A 817A 1F0080FC             BRCLR     $00,X,#$80 C1         
 311 A 817E 39                   RTS                             
 312 A                 *********************************** 
 313 A                 * DESPLIEGA 
 314 A                 *********************************** 
 315 A 817F            DISPLAY                                   
 316 A                         
 317 A 817F CE102E               LDX       #SCSR                 
 318 A 8182                                                      
 319 A 8182 B6102E               LDAA      SCSR                  
 320 A 8185 960E                 LDAA      U1                    * U1 
 321 A 8187 8B30                 ADDA      #$30                  
 322 A 8189 B7102F               STAA      SCDR                  
 323 A 818C            T1                                        
 324 A 818C 1F0080FC             BRCLR     $00,X,#$80 T1         
 325 A 8190                                                      
 326 A 8190 B6102E               LDAA      SCSR                  
 327 A 8193 960F                 LDAA      U2                    * U2 
 328 A 8195 8B30                 ADDA      #$30                  
 329 A 8197 B7102F               STAA      SCDR                  
 330 A 819A            T2                                        
 331 A 819A 1F0080FC             BRCLR     $00,X,#$80 T2         
 332 A                  
 333 A 819E            DSPLY                                     
 334 A 819E CE102E               LDX       #SCSR                 
 335 A                      
 336 A 81A1 B6102E               LDAA      SCSR                  
 337 A 81A4 9610                 LDAA      U3                    * U3 
 338 A 81A6 8B30                 ADDA      #$30                  
 339 A 81A8 B7102F               STAA      SCDR                  
 340 A 81AB            T3                                        
 341 A 81AB 1F0080FC             BRCLR     $00,X,#$80 T3         
 342 A 81AF                                                      
 343 A 81AF B6102E               LDAA      SCSR                  
 344 A 81B2 9611                 LDAA      U4                    * U4 
 345 A 81B4 8B30                 ADDA      #$30                  
 346 A 81B6 B7102F               STAA      SCDR                  
 347 A 81B9            T4                                        
 348 A 81B9 1F0080FC             BRCLR     $00,X,#$80 T4         

M68HC11 Absolute Assembler   Version 2.70e:/mio.ASC


 349 A                     
 350 A 81BD B6102E               LDAA      SCSR                  
 351 A 81C0 9612                 LDAA      U5                    * U5 
 352 A 81C2 8B30                 ADDA      #$30                  
 353 A 81C4 B7102F               STAA      SCDR                  
 354 A 81C7            T5                                        
 355 A 81C7 1F0080FC             BRCLR     $00,X,#$80 T5         
 356 A 81CB                                                      
 357 A 81CB 39                   RTS                             
 358 A                  
 359 A                 *********************************** 
 360 A                 * CARRY RETURN 
 361 A                 *********************************** 
 362 A                  
 363 A 81CC            CRYTRN                                    
 364 A 81CC CE102E               LDX       #SCSR                 
 365 A 81CF B6102E               LDAA      SCSR                  
 366 A 81D2 860A                 LDAA      #$0A                  * NEW LINE      
 367 A 81D4 B7102F               STAA      SCDR                  
 368 A 81D7            CR1                                       
 369 A 81D7 1F0080FC             BRCLR     $00,X,#$80 CR1        
 370 A                  
 371 A 81DB B6102E               LDAA      SCSR                  
 372 A 81DE 860D                 LDAA      #$0D                  * CARRY RETURN      
 373 A 81E0 B7102F               STAA      SCDR                  
 374 A 81E3            CR2                                       
 375 A 81E3 1F0080FC             BRCLR     $00,X,#$80 CR2        
 376 A                  
 377 A 81E7 39                   RTS                             
 378 A                 *********************************** 
 379 A                 *  DESPLIEGUE DE DATO RECIBIDO 
 380 A                 *********************************** 
 381 A                  
 382 A 81E8            DATARX                                    
 383 A 81E8 CE102E               LDX       #SCSR                 
 384 A 81EB B6102E               LDAA      SCSR                  
 385 A 81EE 960C                 LDAA      ORDEN                 * NEW LINE      
 386 A 81F0 B7102F               STAA      SCDR                  
 387 A 81F3            DT1                                       
 388 A 81F3 1F0080FC             BRCLR     $00,X,#$80 DT1        
 389 A                  
 390 A 81F7 B6102E               LDAA      SCSR                  
 391 A 81FA 863A                 LDAA      #$3A                  * DOS PUNTOS     
 392 A 81FC B7102F               STAA      SCDR                  
 393 A 81FF            DT2                                       
 394 A 81FF 1F0080FC             BRCLR     $00,X,#$80 DT2        
 395 A                  
 396 A 8203 39                   RTS                             
 397 A                 *********************************** 
 398 A                 * voltimetro 
 399 A                 *********************************** 
 400 A 8204            VOLTA                                     
 401 A 8204 CE1030               LDX       #ADCTL                
 402 A                  
 403 A 8207 8680                 LDAA      #$80                  
 404 A 8209 B71039               STAA      OPTION                * PONE EN MARCHA EL ADC 
 405 A                      
 406 A 820C 8610                 LDAA      #$10                  

M68HC11 Absolute Assembler   Version 2.70e:/mio.ASC


 407 A 820E B71030               STAA      ADCTL                 * ENTRADA MULTIPLE SELECCIONA CANAL 0 
 408 A                  
 409 A 8211            E1                                        
 410 A 8211 1F0080FC             BRCLR     $00,X,#$80 E1         
 411 A 8215 F61031               LDAB      ADR1                  
 412 A 8218 D713                 STAB      V1                    
 413 A 821A                                                      
 414 A 821A 8680                 LDAA      #$80                  
 415 A 821C B71039               STAA      OPTION                * PONE EN MARCHA EL ADC 
 416 A                      
 417 A 821F 8611                 LDAA      #$11                  
 418 A 8221 B71030               STAA      ADCTL                 * ENTRADA MULTIPLE SELECCIONA CANAL 1 
 419 A                  
 420 A 8224            E2                                        
 421 A 8224 1F0080FC             BRCLR     $00,X,#$80 E2         
 422 A 8228 F61032               LDAB      ADR2                  
 423 A 822B D714                 STAB      V2                    
 424 A 822D                                                      
 425 A 822D 8612                 LDAA      #$12                  
 426 A 822F B71030               STAA      ADCTL                 * ENTRADA MULTIPLE SELECCIONA CANAL 2 
 427 A                  
 428 A 8232            E3                                        
 429 A 8232 1F0080FC             BRCLR     $00,X,#$80 E3         
 430 A 8236 F61033               LDAB      ADR3                  
 431 A 8239 D71D                 STAB      V3                    
 432 A                  
 433 A 823B 8613                 LDAA      #$13                  
 434 A 823D B71030               STAA      ADCTL                 * ENTRADA MULTIPLE SELECCIONA CANAL 3 
 435 A                  
 436 A 8240            E4                                        
 437 A 8240 1F0080FC             BRCLR     $00,X,#$80 E4         
 438 A 8244 F61034               LDAB      ADR4                  
 439 A 8247 D71E                 STAB      V4                    
 440 A                  
 441 A 8249                                                      
 442 A 8249 39                   RTS                             
 443 A                 *********************************** 
 444 A                 * CONVIERTE A BCD 
 445 A                 *********************************** 
 446 A                  
 447 A 824A            BINBCD                                    
 448 A                       
 449 A 824A CE2710               LDX       #$2710                
 450 A 824D 02                   IDIV                            
 451 A 824E 8F                   XGDX                            
 452 A 824F D70E                 STAB      U1                    
 453 A 8251 8F                   XGDX                            
 454 A 8252 CE03E8               LDX       #$3E8                 
 455 A 8255 02                   IDIV                            
 456 A 8256 8F                   XGDX                            
 457 A 8257 D70F                 STAB      U2                    
 458 A 8259 8F                   XGDX                            
 459 A                  
 460 A 825A            BNBCD                                     
 461 A 825A CE0064               LDX       #$64                  
 462 A 825D 02                   IDIV                            
 463 A 825E 8F                   XGDX                            
 464 A 825F D710                 STAB      U3                    

M68HC11 Absolute Assembler   Version 2.70e:/mio.ASC


 465 A 8261 8F                   XGDX                            
 466 A 8262 CE000A               LDX       #$A                   
 467 A 8265 02                   IDIV                            
 468 A 8266 8F                   XGDX                            
 469 A 8267 D711                 STAB      U4                    
 470 A 8269 8F                   XGDX                            
 471 A 826A D712                 STAB      U5                    
 472 A                  
 473 A                  
 474 A                  
 475 A 826C 39                   RTS                             
 476 A                  
 477 A                  
 478 A                  
 479 A                 *********************************** 
 480 A                 * ATENCION A INTERRUPCION SERIAL 
 481 A                 *********************************** 
 482 A      F100                 ORG       $F100                 
 483 A                    
 484 A F100 36                   PSHA                            
 485 A                   
 486 A F101 B6102E               LDAA      SCSR                  
 487 A F104 B6102F               LDAA      SCDR                  
 488 A F107 970C                 STAA      ORDEN                 
 489 A F109 7A001F               DEC       EXTRA                 
 490 A                  
 491 A F10C 32                   PULA                            
 492 A                  
 493 A F10D 3B                   RTI                             
 494 A                  
 495 A                 *********************************** 
 496 A                 * ATENCION A INTERRUPCION REAL TIME 
 497 A                 *********************************** 
 498 A      F110                 ORG       $F110                 
 499 A                  
 500 A F110 36                   PSHA                            
 501 A F111 3C                   PSHX                            
 502 A                  
 503 A F112 CE1025               LDX       #TFLG2                
 504 A F115 1C0040               BSET      $00,X,#$40            * BORRA BANDERA INTERRUPCION 
 505 A F118 7A0018               DEC       TEMPO                 
 506 A F11B 2703                 BEQ       SEGUNDO               
 507 A F11D                                                      
 508 A F11D 32                   PULA                            
 509 A F11E 38                   PULX                            
 510 A F11F 3B                   RTI                             
 511 A                  
 512 A F120            SEGUNDO                                   
 513 A F120 86FF                 LDAA      #$FF                  
 514 A F122 970D                 STAA      SEG                   * SEG ES UNA BANDERA DE SEGUNDO     
 515 A F124 86F4                 LDAA      #$F4                  
 516 A F126 9718                 STAA      TEMPO                 * TEMPO ES VARIABLE PARA CONTAR 244 CICLOS 
 517 A F128 7C1002               INC       PORTG                 
 518 A F12B                                                      
 519 A F12B 32                   PULA                            
 520 A F12C 38                   PULX                            
 521 A F12D 3B                   RTI                             
 522 A                 *********************************** 

M68HC11 Absolute Assembler   Version 2.70e:/mio.ASC


 523 A                 * VECTOR INTERRUPCION SERIAL 
 524 A                 *********************************** 
 525 A      FFD6                 ORG       $FFD6                 
 526 A FFD6 F100                 FCB       $F1,$00               
 527 A                  
 528 A                 *********************************** 
 529 A                 * VECTOR INTERRUPCION REAL TIME 
 530 A                 *********************************** 
 531 A      FFF0                 ORG       $FFF0                 
 532 A FFF0 F110                 FCB       $F1,$10               
 533 A                  
 534 A                 *********************************** 
 535 A                 *RESET 
 536 A                 *********************************** 
 537 A      FFFE                 ORG       $FFFE                 
 538 A FFFE 8000       RESET     FCB       $80,$00               
 539 A                 *********************************** 
 540 A                           END       $8000                 

SYMBOL TABLE:  Total Entries=   91

ADCTL               1030    LOOP                80AA
ADR1                1031    MAIN                802D
ADR2                1032    NO_ES_A             8079
ADR3                1033    NO_ES_R             808E
ADR4                1034    NO_ES_T             8064
ALTO                0019    NO_FUE_T            809B
BAJO                001A    OPT2                1038
BASE_H              001B    OPTION              1039
BASE_L              001C    ORDEN               000C
BAS_H               0015    PACNT               1027
BAS_L               0016    PACTL               1026
BAUD                102B    PORTA               1000
BINBCD              824A    PORTD               1008
BNBCD               825A    PORTE               100A
C1                  817A    PORTG               1002
CHECA_U2            8055    RESET               FFFE
CHECA_U3            806A    SACA                8104
CHECA_U4            807F    SALTE               8094
CICLO               8040    SCCR1               102C
COMA                816F    SCCR2               102D
COMPARA             804A    SCDR                102F
CR1                 81D7    SCSR                102E
CR2                 81E3    SEG                 000D
CRYTRN              81CC    SEGUNDO             F120
CSCTL               105D    SPCR                1028
DATARX              81E8    SUBRUTIN            80A1
DDRA                1001    T1                  818C
DDRD                1009    T2                  819A
DDRG                1003    T3                  81AB
DISPLAY             817F    T4                  81B9
DSPLY               819E    T5                  81C7
DT1                 81F3    TEMPO               0018
DT2                 81FF    TFLG2               1025
E1                  8211    TMSK2               1024
E2                  8224    U1                  000E
E3                  8232    U2                  000F
E4                  8240    U3                  0010
EJECUTA             0020    U4                  0011
EJECUTAL            80CC    U5                  0012
ENCICLAT            803C    V1                  0013
EXTRA               001F    V2                  0014
FUE_E               80C0    V3                  001D
GUARDA              80BA    V4                  001E
HPRIO               103C    V5                  0017
INICIA              80CF    VOLTA               8204
INICIO              802D    

Total errors: 0
