
M68HC11 Absolute Assembler   Version 2.70d:/mio/monitor.ASC


   1 A                 ********************************** 
   2 A                 *PROGRAMA DE EJEMPLO 
   3 A                 ********************************** 
   4 A      1026       PACTL     EQU       $1026                 
   5 A      1027       PACNT     EQU       $1027                 
   6 A      1030       ADCTL     EQU       $1030                 
   7 A      1031       ADR1      EQU       $1031                 
   8 A      1032       ADR2      EQU       $1032                 
   9 A      1033       ADR3      EQU       $1033                 
  10 A      1034       ADR4      EQU       $1034                 
  11 A      1039       OPTION    EQU       $1039                 
  12 A 0000                                                      
  13 A      1000       PORTA     EQU       $1000                 
  14 A      1008       PORTD     EQU       $1008                 
  15 A      100A       PORTE     EQU       $100A                 
  16 A      1002       PORTG     EQU       $1002                 
  17 A 0000                                                      
  18 A      1001       DDRA      EQU       $1001                 
  19 A      1009       DDRD      EQU       $1009                 
  20 A      1003       DDRG      EQU       $1003                 
  21 A 0000                                                      
  22 A      1024       TMSK2     EQU       $1024                 
  23 A      1025       TFLG2     EQU       $1025                 
  24 A 0000                                                      
  25 A      102F       SCDR      EQU       $102F                 
  26 A      102D       SCCR2     EQU       $102D                 
  27 A      102E       SCSR      EQU       $102E                 
  28 A      102C       SCCR1     EQU       $102C                 
  29 A      102B       BAUD      EQU       $102B                 
  30 A      103C       HPRIO     EQU       $103C                 
  31 A      1028       SPCR      EQU       $1028                 
  32 A      105D       CSCTL     EQU       $105D                 
  33 A      1038       OPT2      EQU       $1038                 
  34 A 0000                                                      
  35 A                 * VARIABLES ********************* 
  36 A                  
  37 A      000C       ORDEN     EQU       $000C                 
  38 A      000D       SEG       EQU       $000D                 
  39 A      000E       U1        EQU       $000E                 
  40 A      000F       U2        EQU       $000F                 
  41 A      0010       U3        EQU       $0010                 
  42 A      0011       U4        EQU       $0011                 
  43 A      0012       U5        EQU       $0012                 
  44 A      0013       V1        EQU       $0013                 
  45 A      0014       V2        EQU       $0014                 
  46 A      0015       BAS_H     EQU       $0015                 
  47 A      0016       BAS_L     EQU       $0016                 
  48 A      0017       V5        EQU       $0017                 
  49 A      0018       TEMPO     EQU       $0018                 
  50 A      0019       ALTO      EQU       $0019                 
  51 A      001A       BAJO      EQU       $001A                 
  52 A      001B       BASE_H    EQU       $001B                 
  53 A      001C       BASE_L    EQU       $001C                 
  54 A      001D       V3        EQU       $001D                 
  55 A      001E       V4        EQU       $001E                 
  56 A 0000                                                      
  57 A                 ********************************** 
  58 A                 *CONFIGURA REGISTROS 

M68HC11 Absolute Assembler   Version 2.70d:/mio/monitor.ASC


  59 A                 ********************************** 
  60 A      8000                 ORG       $8000                 * DIR DE INICIO 
  61 A 8000 8E00FF               LDS       #$00FF                * APUNTADOR DE STAK 
  62 A                  
  63 A 8003                                                      
  64 A 8003 8600                 LDAA      #$00                  * CONFIG TODO EL PUERTO  A COMO ENTRADAS 
  65 A 8005 B71001               STAA      DDRA                  * EL PUERTO A 
  66 A 8008                                                      
  67 A 8008 86FF                 LDAA      #$FF                  * CONFIG TODO EL PUERTO  G COMO SALIDAS 
  68 A 800A B71003               STAA      DDRG                  * EL PUERTO G  
  69 A                  
  70 A 800D 8600                 LDAA      #$00                  * SE PONE PUERTO G EN CEROS 
  71 A 800F B71002               STAA      PORTG                 
  72 A 8012                                                      
  73 A 8012 CC302C               LDD       #$302C                * CONFIGURA PUERTO SERIAL 
  74 A 8015 B7102B               STAA      BAUD                  * BAUD  9600  para cristal de 8MHz 
  75 A 8018 F7102D               STAB      SCCR2                 * HABILITA  RX Y TX PERO INTERRUPCN SOLO RX 
  76 A 801B 8600                 LDAA      #$00                  
  77 A 801D B7102C               STAA      SCCR1                 * 8 BITS 
  78 A                  
  79 A 8020 86FE                 LDAA      #$FE                  * CONFIG PUERTO D COMO SALIDAS (EXCEPTO PD0) 
  80 A 8022 B71009               STAA      DDRD                  * SEA  ENABLE DEL DISPLAY  PD4  Y RS PD3 
  81 A                                       
  82 A                        
  83 A 8025 8604                 LDAA      #$04                  
  84 A 8027 B7103C               STAA      HPRIO                 
  85 A                  
  86 A 802A 8600                 LDAA      #$00                  
  87 A 802C 06                   TAP                             
  88 A                  
  89 A                  
  90 A                  
  91 A 802D                                                      
  92 A                  
  93 A                  
  94 A                  
  95 A                 ********************************** 
  96 A                 *PROGRAMA PRINCIPAL 
  97 A                 ********************************** 
  98 A 802D            MAIN                                      
  99 A 802D BD80A0               JSR       INICIA                
 100 A 8030 7F000E     OTRO      CLR       U1                    
 101 A 8033 7F000F     OTRO1     CLR       U2                    
 102 A 8036 7F0010               CLR       U3                    
 103 A 8039 7F0011               CLR       U4                    
 104 A 803C 863F       OTRA      LDAA      #'?                   
 105 A 803E 970C                 STAA      ORDEN                 
 106 A 8040            CICLO                                     
 107 A 8040 960C                 LDAA      ORDEN                 
 108 A 8042 813F                 CMPA      #'?                   
 109 A 8044 27FA                 BEQ       CICLO                 
 110 A 8046 D60E                 LDAB      U1                    
 111 A 8048 2609                 BNE       CHECA_U2              
 112 A 804A 8153                 CMPA      #'S                   
 113 A 804C 26EE                 BNE       OTRA                  
 114 A 804E 970E                 STAA      U1                    
 115 A 8050 7E803C               JMP       OTRA                  
 116 A 8053            CHECA_U2                                  

M68HC11 Absolute Assembler   Version 2.70d:/mio/monitor.ASC


 117 A 8053 D60F                 LDAB      U2                    
 118 A 8055 2610                 BNE       CHECA_U3              
 119 A 8057 8154                 CMPA      #'T                   
 120 A 8059 2605                 BNE       CHECA_S               
 121 A 805B 970F                 STAA      U2                    
 122 A 805D 7E803C               JMP       OTRA                  
 123 A 8060            CHECA_S                                   
 124 A 8060 8153                 CMPA      #'S                   
 125 A 8062 26CC                 BNE       OTRO                  
 126 A 8064 7E8033               JMP       OTRO1                 
 127 A 8067            CHECA_U3                                  
 128 A 8067 D610                 LDAB      U3                    
 129 A 8069 2609                 BNE       CHECA_U4              
 130 A 806B 8141                 CMPA      #'A                   
 131 A 806D 26F1                 BNE       CHECA_S               
 132 A 806F 9710                 STAA      U3                    
 133 A 8071 7E803C               JMP       OTRA                  
 134 A 8074            CHECA_U4                                  
 135 A 8074 D611                 LDAB      U4                    
 136 A 8076 2609                 BNE       CHECA_T               
 137 A 8078 8152                 CMPA      #'R                   
 138 A 807A 26E4                 BNE       CHECA_S               
 139 A 807C 9711                 STAA      U4                    
 140 A 807E 7E803C               JMP       OTRA                  
 141 A 8081            CHECA_T                                   
 142 A 8081 8154                 CMPA      #'T                   
 143 A 8083 26DB                 BNE       CHECA_S               
 144 A 8085 BD808B               JSR       EUREKA                
 145 A 8088 7E8030               JMP       OTRO                  
 146 A                 *********************************** 
 147 A                 *  EUREKA 
 148 A                 *********************************** 
 149 A                  
 150 A 808B            EUREKA                                    
 151 A 808B                                                      
 152 A 808B 8645                 LDAA      #'E                   
 153 A 808D 9719                 STAA      ALTO                  
 154 A 808F 8678                 LDAA      #'x                   
 155 A 8091 971A                 STAA      BAJO                  
 156 A 8093 8669                 LDAA      #'i                   
 157 A 8095 971B                 STAA      BASE_H                
 158 A 8097 8674                 LDAA      #'t                   
 159 A 8099 971C                 STAA      BASE_L                
 160 A 809B 866F                 LDAA      #'o                   
 161 A 809D 971D                 STAA      V3                    
 162 A                  
 163 A                  
 164 A 809F 39                   RTS                             
 165 A                  
 166 A                 *********************************** 
 167 A                 * INICIA 
 168 A                 *********************************** 
 169 A 80A0            INICIA                                    
 170 A                       
 171 A 80A0 7F000D               CLR       SEG                   
 172 A                  
 173 A 80A3 7F1002               CLR       PORTG                 
 174 A 80A6 86F4                 LDAA      #$F4                  

M68HC11 Absolute Assembler   Version 2.70d:/mio/monitor.ASC


 175 A 80A8 9718                 STAA      TEMPO                 * TEMPO ES VARIABLE PARA CONTAR 244 CICLOS 
 176 A                  
 177 A 80AA CE1024               LDX       #TMSK2                
 178 A 80AD 1C0040               BSET      $00,X,#$40            * HABILITA INTERRUPCION TIMER T-REAL 
 179 A 80B0 0E                   CLI                             
 180 A                  
 181 A 80B1 CE1026               LDX       #PACTL                
 182 A 80B4 1C0050               BSET      $00,X,#$50            * HABILITA PAEN -ACUMULADOR PULSOS ALTOS- 
 183 A 80B7 7F1027               CLR       PACNT                 * BORRA ACUMULADOR DE PULSOS 
 184 A                  
 185 A 80BA 8610                 LDAA      #$10                  
 186 A 80BC 971B                 STAA      BASE_H                * PONE UN #1060 COMO DIRECCION BASE INICIAL 
 187 A 80BE 8660                 LDAA      #$60                  
 188 A 80C0 971C                 STAA      BASE_L                
 189 A 80C2                                                      
 190 A 80C2 18CE1060             LDY       #$1060                
 191 A 80C6                                                      
 192 A 80C6 8616                 LDAA      #$16                  
 193 A 80C8 9715                 STAA      BAS_H                 * PONE UN #1653 NUMERO TOTAL DE JUEGO DE MUESTRAS 
 194 A 80CA 8653                 LDAA      #$53                  
 195 A 80CC 9716                 STAA      BAS_L                 
 196 A                  
 197 A                  
 198 A 80CE 7F0019               CLR       ALTO                  * INICIA INDICE MUESTRA EN 0 
 199 A 80D1 7F001A               CLR       BAJO                  
 200 A                  
 201 A 80D4 39                   RTS                             
 202 A                 *********************************** 
 203 A                 * SACA 
 204 A                 *********************************** 
 205 A 80D5            SACA                                      
 206 A                              
 207 A                         
 208 A 80D5 9619                 LDAA      ALTO                  * INDICE DE MUESTRA (SEGUNDO) 
 209 A 80D7 D61A                 LDAB      BAJO                  
 210 A 80D9 188F                 XGDY                            
 211 A 80DB 1808                 INY                             
 212 A 80DD 188F                 XGDY                            
 213 A 80DF BD821B               JSR       BINBCD                
 214 A 80E2 BD8150               JSR       DISPLAY               
 215 A 80E5 BD8140               JSR       COMA                  
 216 A                   
 217 A 80E8 961B                 LDAA      BASE_H                * INDICE DE MUESTRA (PARTICULAR) 
 218 A 80EA D61C                 LDAB      BASE_L                
 219 A 80EC 188F                 XGDY                            
 220 A 80EE                                                      
 221 A 80EE 1808                 INY                             
 222 A 80F0 4F                   CLRA                            
 223 A 80F1 18E600               LDAB      $00,Y                 
 224 A 80F4 BD822B               JSR       BNBCD                 
 225 A 80F7 BD816F               JSR       DSPLY                 
 226 A 80FA BD8140               JSR       COMA                  
 227 A                  
 228 A 80FD 1808                 INY                             
 229 A 80FF 4F                   CLRA                            
 230 A 8100 18E600               LDAB      $00,Y                 
 231 A 8103 BD822B               JSR       BNBCD                 
 232 A 8106 BD816F               JSR       DSPLY                 

M68HC11 Absolute Assembler   Version 2.70d:/mio/monitor.ASC


 233 A 8109 BD8140               JSR       COMA                  
 234 A                  
 235 A 810C 1808                 INY                             
 236 A 810E 4F                   CLRA                            
 237 A 810F 18E600               LDAB      $00,Y                 
 238 A 8112 BD822B               JSR       BNBCD                 
 239 A 8115 BD816F               JSR       DSPLY                 
 240 A 8118 BD8140               JSR       COMA                  
 241 A                  
 242 A 811B 1808                 INY                             
 243 A 811D 4F                   CLRA                            
 244 A 811E 18E600               LDAB      $00,Y                 
 245 A 8121 BD822B               JSR       BNBCD                 
 246 A 8124 BD816F               JSR       DSPLY                 
 247 A 8127 BD8140               JSR       COMA                  
 248 A                   
 249 A 812A 1808                 INY                             
 250 A 812C 4F                   CLRA                            
 251 A 812D 18E600               LDAB      $00,Y                 
 252 A 8130 BD822B               JSR       BNBCD                 
 253 A 8133 BD816F               JSR       DSPLY                 
 254 A 8136                                                      
 255 A 8136 188F                 XGDY                            
 256 A 8138 971B                 STAA      BASE_H                
 257 A 813A D71C                 STAB      BASE_L                
 258 A                  
 259 A 813C BD819D               JSR       CRYTRN                
 260 A                  
 261 A 813F 39                   RTS                             
 262 A                 *********************************** 
 263 A                 * COMA 
 264 A                 *********************************** 
 265 A 8140            COMA                                      
 266 A 8140 CE102E               LDX       #SCSR                 
 267 A 8143                                                      
 268 A 8143 B6102E               LDAA      SCSR                  
 269 A 8146 862C                 LDAA      #$2C                  * COMA 
 270 A 8148 B7102F               STAA      SCDR                  
 271 A 814B            C1                                        
 272 A 814B 1F0080FC             BRCLR     $00,X,#$80 C1         
 273 A 814F 39                   RTS                             
 274 A                 *********************************** 
 275 A                 * DESPLIEGA 
 276 A                 *********************************** 
 277 A 8150            DISPLAY                                   
 278 A                         
 279 A 8150 CE102E               LDX       #SCSR                 
 280 A 8153                                                      
 281 A 8153 B6102E               LDAA      SCSR                  
 282 A 8156 960E                 LDAA      U1                    * U1 
 283 A 8158 8B30                 ADDA      #$30                  
 284 A 815A B7102F               STAA      SCDR                  
 285 A 815D            T1                                        
 286 A 815D 1F0080FC             BRCLR     $00,X,#$80 T1         
 287 A 8161                                                      
 288 A 8161 B6102E               LDAA      SCSR                  
 289 A 8164 960F                 LDAA      U2                    * U2 
 290 A 8166 8B30                 ADDA      #$30                  

M68HC11 Absolute Assembler   Version 2.70d:/mio/monitor.ASC


 291 A 8168 B7102F               STAA      SCDR                  
 292 A 816B            T2                                        
 293 A 816B 1F0080FC             BRCLR     $00,X,#$80 T2         
 294 A                  
 295 A 816F            DSPLY                                     
 296 A 816F CE102E               LDX       #SCSR                 
 297 A                      
 298 A 8172 B6102E               LDAA      SCSR                  
 299 A 8175 9610                 LDAA      U3                    * U3 
 300 A 8177 8B30                 ADDA      #$30                  
 301 A 8179 B7102F               STAA      SCDR                  
 302 A 817C            T3                                        
 303 A 817C 1F0080FC             BRCLR     $00,X,#$80 T3         
 304 A 8180                                                      
 305 A 8180 B6102E               LDAA      SCSR                  
 306 A 8183 9611                 LDAA      U4                    * U4 
 307 A 8185 8B30                 ADDA      #$30                  
 308 A 8187 B7102F               STAA      SCDR                  
 309 A 818A            T4                                        
 310 A 818A 1F0080FC             BRCLR     $00,X,#$80 T4         
 311 A                     
 312 A 818E B6102E               LDAA      SCSR                  
 313 A 8191 9612                 LDAA      U5                    * U5 
 314 A 8193 8B30                 ADDA      #$30                  
 315 A 8195 B7102F               STAA      SCDR                  
 316 A 8198            T5                                        
 317 A 8198 1F0080FC             BRCLR     $00,X,#$80 T5         
 318 A 819C                                                      
 319 A 819C 39                   RTS                             
 320 A                  
 321 A                 *********************************** 
 322 A                 * CARRY RETURN 
 323 A                 *********************************** 
 324 A                  
 325 A 819D            CRYTRN                                    
 326 A 819D CE102E               LDX       #SCSR                 
 327 A 81A0 B6102E               LDAA      SCSR                  
 328 A 81A3 860A                 LDAA      #$0A                  * NEW LINE      
 329 A 81A5 B7102F               STAA      SCDR                  
 330 A 81A8            CR1                                       
 331 A 81A8 1F0080FC             BRCLR     $00,X,#$80 CR1        
 332 A                  
 333 A 81AC B6102E               LDAA      SCSR                  
 334 A 81AF 860D                 LDAA      #$0D                  * CARRY RETURN      
 335 A 81B1 B7102F               STAA      SCDR                  
 336 A 81B4            CR2                                       
 337 A 81B4 1F0080FC             BRCLR     $00,X,#$80 CR2        
 338 A                  
 339 A 81B8 39                   RTS                             
 340 A                 *********************************** 
 341 A                 *  DESPLIEGUE DE DATO RECIBIDO 
 342 A                 *********************************** 
 343 A                  
 344 A 81B9            DATARX                                    
 345 A 81B9 CE102E               LDX       #SCSR                 
 346 A 81BC B6102E               LDAA      SCSR                  
 347 A 81BF 960C                 LDAA      ORDEN                 * NEW LINE      
 348 A 81C1 B7102F               STAA      SCDR                  

M68HC11 Absolute Assembler   Version 2.70d:/mio/monitor.ASC


 349 A 81C4            DT1                                       
 350 A 81C4 1F0080FC             BRCLR     $00,X,#$80 DT1        
 351 A                  
 352 A 81C8 B6102E               LDAA      SCSR                  
 353 A 81CB 863A                 LDAA      #$3A                  * DOS PUNTOS     
 354 A 81CD B7102F               STAA      SCDR                  
 355 A 81D0            DT2                                       
 356 A 81D0 1F0080FC             BRCLR     $00,X,#$80 DT2        
 357 A                  
 358 A 81D4 39                   RTS                             
 359 A                 *********************************** 
 360 A                 * voltimetro 
 361 A                 *********************************** 
 362 A 81D5            VOLTA                                     
 363 A 81D5 CE1030               LDX       #ADCTL                
 364 A                  
 365 A 81D8 8680                 LDAA      #$80                  
 366 A 81DA B71039               STAA      OPTION                * PONE EN MARCHA EL ADC 
 367 A                      
 368 A 81DD 8610                 LDAA      #$10                  
 369 A 81DF B71030               STAA      ADCTL                 * ENTRADA MULTIPLE SELECCIONA CANAL 0 
 370 A                  
 371 A 81E2            E1                                        
 372 A 81E2 1F0080FC             BRCLR     $00,X,#$80 E1         
 373 A 81E6 F61031               LDAB      ADR1                  
 374 A 81E9 D713                 STAB      V1                    
 375 A 81EB                                                      
 376 A 81EB 8680                 LDAA      #$80                  
 377 A 81ED B71039               STAA      OPTION                * PONE EN MARCHA EL ADC 
 378 A                      
 379 A 81F0 8611                 LDAA      #$11                  
 380 A 81F2 B71030               STAA      ADCTL                 * ENTRADA MULTIPLE SELECCIONA CANAL 1 
 381 A                  
 382 A 81F5            E2                                        
 383 A 81F5 1F0080FC             BRCLR     $00,X,#$80 E2         
 384 A 81F9 F61032               LDAB      ADR2                  
 385 A 81FC D714                 STAB      V2                    
 386 A 81FE                                                      
 387 A 81FE 8612                 LDAA      #$12                  
 388 A 8200 B71030               STAA      ADCTL                 * ENTRADA MULTIPLE SELECCIONA CANAL 2 
 389 A                  
 390 A 8203            E3                                        
 391 A 8203 1F0080FC             BRCLR     $00,X,#$80 E3         
 392 A 8207 F61033               LDAB      ADR3                  
 393 A 820A D71D                 STAB      V3                    
 394 A                  
 395 A 820C 8613                 LDAA      #$13                  
 396 A 820E B71030               STAA      ADCTL                 * ENTRADA MULTIPLE SELECCIONA CANAL 3 
 397 A                  
 398 A 8211            E4                                        
 399 A 8211 1F0080FC             BRCLR     $00,X,#$80 E4         
 400 A 8215 F61034               LDAB      ADR4                  
 401 A 8218 D71E                 STAB      V4                    
 402 A                  
 403 A 821A                                                      
 404 A 821A 39                   RTS                             
 405 A                 *********************************** 
 406 A                 * CONVIERTE A BCD 

M68HC11 Absolute Assembler   Version 2.70d:/mio/monitor.ASC


 407 A                 *********************************** 
 408 A                  
 409 A 821B            BINBCD                                    
 410 A                       
 411 A 821B CE2710               LDX       #$2710                
 412 A 821E 02                   IDIV                            
 413 A 821F 8F                   XGDX                            
 414 A 8220 D70E                 STAB      U1                    
 415 A 8222 8F                   XGDX                            
 416 A 8223 CE03E8               LDX       #$3E8                 
 417 A 8226 02                   IDIV                            
 418 A 8227 8F                   XGDX                            
 419 A 8228 D70F                 STAB      U2                    
 420 A 822A 8F                   XGDX                            
 421 A                  
 422 A 822B            BNBCD                                     
 423 A 822B CE0064               LDX       #$64                  
 424 A 822E 02                   IDIV                            
 425 A 822F 8F                   XGDX                            
 426 A 8230 D710                 STAB      U3                    
 427 A 8232 8F                   XGDX                            
 428 A 8233 CE000A               LDX       #$A                   
 429 A 8236 02                   IDIV                            
 430 A 8237 8F                   XGDX                            
 431 A 8238 D711                 STAB      U4                    
 432 A 823A 8F                   XGDX                            
 433 A 823B D712                 STAB      U5                    
 434 A                  
 435 A                  
 436 A                  
 437 A 823D 39                   RTS                             
 438 A                  
 439 A                  
 440 A                  
 441 A                 *********************************** 
 442 A                 * ATENCION A INTERRUPCION SERIAL 
 443 A                 *********************************** 
 444 A      F100                 ORG       $F100                 
 445 A                    
 446 A F100 36                   PSHA                            
 447 A                   
 448 A F101 B6102E               LDAA      SCSR                  
 449 A F104 B6102F               LDAA      SCDR                  
 450 A F107 970C                 STAA      ORDEN                 
 451 A                  
 452 A F109 32                   PULA                            
 453 A                  
 454 A F10A 3B                   RTI                             
 455 A                  
 456 A                 *********************************** 
 457 A                 * ATENCION A INTERRUPCION REAL TIME 
 458 A                 *********************************** 
 459 A      F110                 ORG       $F110                 
 460 A                  
 461 A F110 36                   PSHA                            
 462 A F111 3C                   PSHX                            
 463 A                  
 464 A F112 CE1025               LDX       #TFLG2                

M68HC11 Absolute Assembler   Version 2.70d:/mio/monitor.ASC


 465 A F115 1C0040               BSET      $00,X,#$40            * BORRA BANDERA INTERRUPCION 
 466 A F118 7A0018               DEC       TEMPO                 
 467 A F11B 2703                 BEQ       SEGUNDO               
 468 A F11D                                                      
 469 A F11D 32                   PULA                            
 470 A F11E 38                   PULX                            
 471 A F11F 3B                   RTI                             
 472 A                  
 473 A F120            SEGUNDO                                   
 474 A F120 86FF                 LDAA      #$FF                  
 475 A F122 970D                 STAA      SEG                   * SEG ES UNA BANDERA DE SEGUNDO     
 476 A F124 86F4                 LDAA      #$F4                  
 477 A F126 9718                 STAA      TEMPO                 * TEMPO ES VARIABLE PARA CONTAR 244 CICLOS 
 478 A F128 7C1002               INC       PORTG                 
 479 A F12B                                                      
 480 A F12B 32                   PULA                            
 481 A F12C 38                   PULX                            
 482 A F12D 3B                   RTI                             
 483 A                 *********************************** 
 484 A                 * VECTOR INTERRUPCION SERIAL 
 485 A                 *********************************** 
 486 A      FFD6                 ORG       $FFD6                 
 487 A FFD6 F100                 FCB       $F1,$00               
 488 A                  
 489 A                 *********************************** 
 490 A                 * VECTOR INTERRUPCION REAL TIME 
 491 A                 *********************************** 
 492 A      FFF0                 ORG       $FFF0                 
 493 A FFF0 F110                 FCB       $F1,$10               
 494 A                  
 495 A                 *********************************** 
 496 A                 *RESET 
 497 A                 *********************************** 
 498 A      FFFE                 ORG       $FFFE                 
 499 A FFFE 8000       RESET     FCB       $80,$00               
 500 A                 *********************************** 
 501 A                           END       $8000                 

SYMBOL TABLE:  Total Entries=   82

ADCTL               1030    MAIN                802D
ADR1                1031    OPT2                1038
ADR2                1032    OPTION              1039
ADR3                1033    ORDEN               000C
ADR4                1034    OTRA                803C
ALTO                0019    OTRO                8030
BAJO                001A    OTRO1               8033
BASE_H              001B    PACNT               1027
BASE_L              001C    PACTL               1026
BAS_H               0015    PORTA               1000
BAS_L               0016    PORTD               1008
BAUD                102B    PORTE               100A
BINBCD              821B    PORTG               1002
BNBCD               822B    RESET               FFFE
C1                  814B    SACA                80D5
CHECA_S             8060    SCCR1               102C
CHECA_T             8081    SCCR2               102D
CHECA_U2            8053    SCDR                102F
CHECA_U3            8067    SCSR                102E
CHECA_U4            8074    SEG                 000D
CICLO               8040    SEGUNDO             F120
COMA                8140    SPCR                1028
CR1                 81A8    T1                  815D
CR2                 81B4    T2                  816B
CRYTRN              819D    T3                  817C
CSCTL               105D    T4                  818A
DATARX              81B9    T5                  8198
DDRA                1001    TEMPO               0018
DDRD                1009    TFLG2               1025
DDRG                1003    TMSK2               1024
DISPLAY             8150    U1                  000E
DSPLY               816F    U2                  000F
DT1                 81C4    U3                  0010
DT2                 81D0    U4                  0011
E1                  81E2    U5                  0012
E2                  81F5    V1                  0013
E3                  8203    V2                  0014
E4                  8211    V3                  001D
EUREKA              808B    V4                  001E
HPRIO               103C    V5                  0017
INICIA              80A0    VOLTA               81D5

Total errors: 0
