Error @ 
Error @ 
Error @ 
Error @ 
Error @ 
<8000>
Error @ INICIO
Error @ 
Error @ 
<8003>:7F 7F:3,U1

<8006>:7F 7F:3,U2

<8009>:7F 7F:3,U3

<8012>:7F 7F:3,U4

Error @ CICLATE
<8014>:86 86:2,#'?

Error @ CICLO
<8016>:81 81:2,#'?

Error @       BEQ  CICLO
Error @ 
<8019>:F6 F6:3,U1

Error @       BNE  SIGUET
Error @ BORRA
<8022>:7F 7F:3,U1

<8025>:7F 7F:3,U2

<8028>:7F 7F:3,U3

<8031>:7F 7F:3,U4

Error @ 
<8033>:81 81:2,#'S

<8035>:26 26:2,CICLATE

<8037>:97 97:2,U1
Error @ 
Error @ SIGUET
<8040>:F6 F6:3,U2

Error @       BNE  SIGUEA
<8042>:81 81:2,#'T

<8044>:26 26:2,BORRA

<8046>:97 97:2,U2
Error @ 
Error @ SIGUEA
<8049>:F6 F6:3,U3

Error @       BNE  SIGUER
<8051>:81 81:2,#'A

<8053>:26 26:2,BORRA

<8055>:97 97:2,U3
Error @       
Error @ SIGUER
<8058>:F6 F6:3,U4

Error @       BNE  SIGUEF
<8060>:81 81:2,#'R

<8062>:26 26:2,BORRA

<8064>:97 97:2,U4
Error @ 
Error @ SIGUEF
<8066>:81 81:2,#'T

<8068>:26 26:2,BORRA

Error @ EXITO
<8070>:86 86:2,#'E

Error @       
Error @ 
Error @ SERIAL
Error @ 
Error @        LDD   #$302C  * CONFIGURA PUERTO SERIAL
Error @        STAA  BAUD    * BAUD  9600  para cristal de 8MHz
Error @        STAB  SCCR2   * HABILITA  RX Y TX PERO INTERRUPCN SOLO RX
Error @        LDAA  #$00
Error @        STAA  SCCR1   * 8 BITS
Error @ 
Error @        LDAA  #$FE    * CONFIG PUERTO D COMO SALIDAS (EXCEPTO PD0)
Error @        STAA  DDRD    * SEA  ENABLE DEL DISPLAY  PD4  Y RS PD3
Error @                      
Error @       
Error @        LDAA  #$04
Error @        STAA  HPRIO
Error @ 
Error @        LDAA  #$00
Error @        TAP
Error @       RTS
Error @ 
Error @       
Error @        ORG  $F100
Error @ 
Error @        LDAA SCSR
Error @        LDAA SCDR
Error @        STAA ORDEN
Error @          
Error @        RTI
Error @ 
Error @        ORG   $FFD6
Error @        FCB   $F1,$00       
Error @ 
Error @ 
Error @        ORG    $FFFE
Error @ RESET  FCB    $80,$00
Error @        END   $8000
